2026-02-18 14:02:11,802 [PID 8132] ERROR Uncaught error in persistent.run
Traceback (most recent call last):
  File "/home/nh/.local/share/nvim/mason/packages/pyre/venv/lib/python3.14/site-packages/pyre_check/client/commands/persistent.py", line 299, in run
    return asyncio.get_event_loop().run_until_complete(
           ~~~~~~~~~~~~~~~~~~~~~~^^
  File "/usr/lib/python3.14/asyncio/events.py", line 715, in get_event_loop
    raise RuntimeError('There is no current event loop in thread %r.'
                       % threading.current_thread().name)
RuntimeError: There is no current event loop in thread 'MainThread'.
2026-02-18 14:02:55,582 [PID 8334] ERROR Uncaught error in persistent.run
Traceback (most recent call last):
  File "/home/nh/.local/share/nvim/mason/packages/pyre/venv/lib/python3.14/site-packages/pyre_check/client/commands/persistent.py", line 299, in run
    return asyncio.get_event_loop().run_until_complete(
           ~~~~~~~~~~~~~~~~~~~~~~^^
  File "/usr/lib/python3.14/asyncio/events.py", line 715, in get_event_loop
    raise RuntimeError('There is no current event loop in thread %r.'
                       % threading.current_thread().name)
RuntimeError: There is no current event loop in thread 'MainThread'.
2026-02-18 14:03:05,961 [PID 8371] ERROR Uncaught error in persistent.run
Traceback (most recent call last):
  File "/home/nh/.local/share/nvim/mason/packages/pyre/venv/lib/python3.14/site-packages/pyre_check/client/commands/persistent.py", line 299, in run
    return asyncio.get_event_loop().run_until_complete(
           ~~~~~~~~~~~~~~~~~~~~~~^^
  File "/usr/lib/python3.14/asyncio/events.py", line 715, in get_event_loop
    raise RuntimeError('There is no current event loop in thread %r.'
                       % threading.current_thread().name)
RuntimeError: There is no current event loop in thread 'MainThread'.
2026-02-18 14:08:17,344 [PID 9625] ERROR Uncaught error in persistent.run
Traceback (most recent call last):
  File "/home/nh/.local/share/nvim/mason/packages/pyre/venv/lib/python3.14/site-packages/pyre_check/client/commands/persistent.py", line 299, in run
    return asyncio.get_event_loop().run_until_complete(
           ~~~~~~~~~~~~~~~~~~~~~~^^
  File "/usr/lib/python3.14/asyncio/events.py", line 715, in get_event_loop
    raise RuntimeError('There is no current event loop in thread %r.'
                       % threading.current_thread().name)
RuntimeError: There is no current event loop in thread 'MainThread'.
2026-02-18 14:08:21,293 [PID 9679] ERROR Uncaught error in persistent.run
Traceback (most recent call last):
  File "/home/nh/.local/share/nvim/mason/packages/pyre/venv/lib/python3.14/site-packages/pyre_check/client/commands/persistent.py", line 299, in run
    return asyncio.get_event_loop().run_until_complete(
           ~~~~~~~~~~~~~~~~~~~~~~^^
  File "/usr/lib/python3.14/asyncio/events.py", line 715, in get_event_loop
    raise RuntimeError('There is no current event loop in thread %r.'
                       % threading.current_thread().name)
RuntimeError: There is no current event loop in thread 'MainThread'.
