2026-02-11 11:17:53,332 [PID 7234] ERROR Uncaught error in persistent.run
Traceback (most recent call last):
  File "/home/nh/.local/share/nvim/mason/packages/pyre/venv/lib/python3.14/site-packages/pyre_check/client/commands/persistent.py", line 299, in run
    return asyncio.get_event_loop().run_until_complete(
           ~~~~~~~~~~~~~~~~~~~~~~^^
  File "/usr/lib/python3.14/asyncio/events.py", line 715, in get_event_loop
    raise RuntimeError('There is no current event loop in thread %r.'
                       % threading.current_thread().name)
RuntimeError: There is no current event loop in thread 'MainThread'.
2026-02-11 11:18:05,745 [PID 7312] ERROR Uncaught error in persistent.run
Traceback (most recent call last):
  File "/home/nh/.local/share/nvim/mason/packages/pyre/venv/lib/python3.14/site-packages/pyre_check/client/commands/persistent.py", line 299, in run
    return asyncio.get_event_loop().run_until_complete(
           ~~~~~~~~~~~~~~~~~~~~~~^^
  File "/usr/lib/python3.14/asyncio/events.py", line 715, in get_event_loop
    raise RuntimeError('There is no current event loop in thread %r.'
                       % threading.current_thread().name)
RuntimeError: There is no current event loop in thread 'MainThread'.
2026-02-11 11:21:06,901 [PID 7753] ERROR Uncaught error in persistent.run
Traceback (most recent call last):
  File "/home/nh/.local/share/nvim/mason/packages/pyre/venv/lib/python3.14/site-packages/pyre_check/client/commands/persistent.py", line 299, in run
    return asyncio.get_event_loop().run_until_complete(
           ~~~~~~~~~~~~~~~~~~~~~~^^
  File "/usr/lib/python3.14/asyncio/events.py", line 715, in get_event_loop
    raise RuntimeError('There is no current event loop in thread %r.'
                       % threading.current_thread().name)
RuntimeError: There is no current event loop in thread 'MainThread'.
2026-02-11 11:22:57,029 [PID 8130] ERROR Uncaught error in persistent.run
Traceback (most recent call last):
  File "/home/nh/.local/share/nvim/mason/packages/pyre/venv/lib/python3.14/site-packages/pyre_check/client/commands/persistent.py", line 299, in run
    return asyncio.get_event_loop().run_until_complete(
           ~~~~~~~~~~~~~~~~~~~~~~^^
  File "/usr/lib/python3.14/asyncio/events.py", line 715, in get_event_loop
    raise RuntimeError('There is no current event loop in thread %r.'
                       % threading.current_thread().name)
RuntimeError: There is no current event loop in thread 'MainThread'.
2026-02-11 11:23:19,526 [PID 8276] ERROR Uncaught error in persistent.run
Traceback (most recent call last):
  File "/home/nh/.local/share/nvim/mason/packages/pyre/venv/lib/python3.14/site-packages/pyre_check/client/commands/persistent.py", line 299, in run
    return asyncio.get_event_loop().run_until_complete(
           ~~~~~~~~~~~~~~~~~~~~~~^^
  File "/usr/lib/python3.14/asyncio/events.py", line 715, in get_event_loop
    raise RuntimeError('There is no current event loop in thread %r.'
                       % threading.current_thread().name)
RuntimeError: There is no current event loop in thread 'MainThread'.
2026-02-11 11:23:29,369 [PID 8303] ERROR Uncaught error in persistent.run
Traceback (most recent call last):
  File "/home/nh/.local/share/nvim/mason/packages/pyre/venv/lib/python3.14/site-packages/pyre_check/client/commands/persistent.py", line 299, in run
    return asyncio.get_event_loop().run_until_complete(
           ~~~~~~~~~~~~~~~~~~~~~~^^
  File "/usr/lib/python3.14/asyncio/events.py", line 715, in get_event_loop
    raise RuntimeError('There is no current event loop in thread %r.'
                       % threading.current_thread().name)
RuntimeError: There is no current event loop in thread 'MainThread'.
2026-02-11 11:23:32,359 [PID 8391] ERROR Uncaught error in persistent.run
Traceback (most recent call last):
  File "/home/nh/.local/share/nvim/mason/packages/pyre/venv/lib/python3.14/site-packages/pyre_check/client/commands/persistent.py", line 299, in run
    return asyncio.get_event_loop().run_until_complete(
           ~~~~~~~~~~~~~~~~~~~~~~^^
  File "/usr/lib/python3.14/asyncio/events.py", line 715, in get_event_loop
    raise RuntimeError('There is no current event loop in thread %r.'
                       % threading.current_thread().name)
RuntimeError: There is no current event loop in thread 'MainThread'.
2026-02-11 11:24:02,654 [PID 8460] ERROR Uncaught error in persistent.run
Traceback (most recent call last):
  File "/home/nh/.local/share/nvim/mason/packages/pyre/venv/lib/python3.14/site-packages/pyre_check/client/commands/persistent.py", line 299, in run
    return asyncio.get_event_loop().run_until_complete(
           ~~~~~~~~~~~~~~~~~~~~~~^^
  File "/usr/lib/python3.14/asyncio/events.py", line 715, in get_event_loop
    raise RuntimeError('There is no current event loop in thread %r.'
                       % threading.current_thread().name)
RuntimeError: There is no current event loop in thread 'MainThread'.
2026-02-11 11:24:04,900 [PID 8548] ERROR Uncaught error in persistent.run
Traceback (most recent call last):
  File "/home/nh/.local/share/nvim/mason/packages/pyre/venv/lib/python3.14/site-packages/pyre_check/client/commands/persistent.py", line 299, in run
    return asyncio.get_event_loop().run_until_complete(
           ~~~~~~~~~~~~~~~~~~~~~~^^
  File "/usr/lib/python3.14/asyncio/events.py", line 715, in get_event_loop
    raise RuntimeError('There is no current event loop in thread %r.'
                       % threading.current_thread().name)
RuntimeError: There is no current event loop in thread 'MainThread'.
2026-02-11 11:24:19,145 [PID 8615] ERROR Uncaught error in persistent.run
Traceback (most recent call last):
  File "/home/nh/.local/share/nvim/mason/packages/pyre/venv/lib/python3.14/site-packages/pyre_check/client/commands/persistent.py", line 299, in run
    return asyncio.get_event_loop().run_until_complete(
           ~~~~~~~~~~~~~~~~~~~~~~^^
  File "/usr/lib/python3.14/asyncio/events.py", line 715, in get_event_loop
    raise RuntimeError('There is no current event loop in thread %r.'
                       % threading.current_thread().name)
RuntimeError: There is no current event loop in thread 'MainThread'.
2026-02-11 11:24:21,448 [PID 8701] ERROR Uncaught error in persistent.run
Traceback (most recent call last):
  File "/home/nh/.local/share/nvim/mason/packages/pyre/venv/lib/python3.14/site-packages/pyre_check/client/commands/persistent.py", line 299, in run
    return asyncio.get_event_loop().run_until_complete(
           ~~~~~~~~~~~~~~~~~~~~~~^^
  File "/usr/lib/python3.14/asyncio/events.py", line 715, in get_event_loop
    raise RuntimeError('There is no current event loop in thread %r.'
                       % threading.current_thread().name)
RuntimeError: There is no current event loop in thread 'MainThread'.
2026-02-11 11:24:47,220 [PID 8738] ERROR Uncaught error in persistent.run
Traceback (most recent call last):
  File "/home/nh/.local/share/nvim/mason/packages/pyre/venv/lib/python3.14/site-packages/pyre_check/client/commands/persistent.py", line 299, in run
    return asyncio.get_event_loop().run_until_complete(
           ~~~~~~~~~~~~~~~~~~~~~~^^
  File "/usr/lib/python3.14/asyncio/events.py", line 715, in get_event_loop
    raise RuntimeError('There is no current event loop in thread %r.'
                       % threading.current_thread().name)
RuntimeError: There is no current event loop in thread 'MainThread'.
2026-02-11 11:40:20,703 [PID 9954] ERROR Uncaught error in persistent.run
Traceback (most recent call last):
  File "/home/nh/.local/share/nvim/mason/packages/pyre/venv/lib/python3.14/site-packages/pyre_check/client/commands/persistent.py", line 299, in run
    return asyncio.get_event_loop().run_until_complete(
           ~~~~~~~~~~~~~~~~~~~~~~^^
  File "/usr/lib/python3.14/asyncio/events.py", line 715, in get_event_loop
    raise RuntimeError('There is no current event loop in thread %r.'
                       % threading.current_thread().name)
RuntimeError: There is no current event loop in thread 'MainThread'.
2026-02-11 13:42:32,579 [PID 4063] ERROR Uncaught error in persistent.run
Traceback (most recent call last):
  File "/home/nh/.local/share/nvim/mason/packages/pyre/venv/lib/python3.14/site-packages/pyre_check/client/commands/persistent.py", line 299, in run
    return asyncio.get_event_loop().run_until_complete(
           ~~~~~~~~~~~~~~~~~~~~~~^^
  File "/usr/lib/python3.14/asyncio/events.py", line 715, in get_event_loop
    raise RuntimeError('There is no current event loop in thread %r.'
                       % threading.current_thread().name)
RuntimeError: There is no current event loop in thread 'MainThread'.
