2026-02-11 17:47:17,818 [PID 17591] ERROR Uncaught error in persistent.run
Traceback (most recent call last):
  File "/home/nh/.local/share/nvim/mason/packages/pyre/venv/lib/python3.14/site-packages/pyre_check/client/commands/persistent.py", line 299, in run
    return asyncio.get_event_loop().run_until_complete(
           ~~~~~~~~~~~~~~~~~~~~~~^^
  File "/usr/lib/python3.14/asyncio/events.py", line 715, in get_event_loop
    raise RuntimeError('There is no current event loop in thread %r.'
                       % threading.current_thread().name)
RuntimeError: There is no current event loop in thread 'MainThread'.
2026-02-11 17:47:23,034 [PID 17741] ERROR Uncaught error in persistent.run
Traceback (most recent call last):
  File "/home/nh/.local/share/nvim/mason/packages/pyre/venv/lib/python3.14/site-packages/pyre_check/client/commands/persistent.py", line 299, in run
    return asyncio.get_event_loop().run_until_complete(
           ~~~~~~~~~~~~~~~~~~~~~~^^
  File "/usr/lib/python3.14/asyncio/events.py", line 715, in get_event_loop
    raise RuntimeError('There is no current event loop in thread %r.'
                       % threading.current_thread().name)
RuntimeError: There is no current event loop in thread 'MainThread'.
2026-02-11 17:49:21,248 [PID 18033] ERROR Uncaught error in persistent.run
Traceback (most recent call last):
  File "/home/nh/.local/share/nvim/mason/packages/pyre/venv/lib/python3.14/site-packages/pyre_check/client/commands/persistent.py", line 299, in run
    return asyncio.get_event_loop().run_until_complete(
           ~~~~~~~~~~~~~~~~~~~~~~^^
  File "/usr/lib/python3.14/asyncio/events.py", line 715, in get_event_loop
    raise RuntimeError('There is no current event loop in thread %r.'
                       % threading.current_thread().name)
RuntimeError: There is no current event loop in thread 'MainThread'.
2026-02-11 17:50:34,687 [PID 18403] ERROR Uncaught error in persistent.run
Traceback (most recent call last):
  File "/home/nh/.local/share/nvim/mason/packages/pyre/venv/lib/python3.14/site-packages/pyre_check/client/commands/persistent.py", line 299, in run
    return asyncio.get_event_loop().run_until_complete(
           ~~~~~~~~~~~~~~~~~~~~~~^^
  File "/usr/lib/python3.14/asyncio/events.py", line 715, in get_event_loop
    raise RuntimeError('There is no current event loop in thread %r.'
                       % threading.current_thread().name)
RuntimeError: There is no current event loop in thread 'MainThread'.
